<?xml version="1.0" encoding="UTF-8"?>
<testsuite name="com.example.imagecapture.ExampleUnitTest" tests="1" skipped="0" failures="0" errors="0" timestamp="2022-09-27T03:32:15" hostname="UJWALDELL" time="0.002">
  <properties/>
  <testcase name="addition_isCorrect" classname="com.example.imagecapture.ExampleUnitTest" time="0.002"/>
  <system-out><![CDATA[]]></system-out>
  <system-err><![CDATA[]]></system-err>
</testsuite>
